<?xml version="1.0" encoding="UTF-8"?>
<robot generator="Robot 6.0.2 (Python 3.11.2 on win32)" generated="20230404 01:00:37.189" rpa="false" schemaversion="3">
<suite id="s1" name="Amazon Testes" source="D:\Users\User\Downloads\Robot\WebTesting\amazon_testes.robot">
<test id="s1-t1" name="Caso de Teste 02 - Pesquisa de um Produto" line="22">
<kw name="Abrir o navegador" library="amazon_resources" type="SETUP">
<kw name="Open Browser" library="SeleniumLibrary">
<arg>browser=chrome</arg>
<doc>Opens a new browser instance to the optional ``url``.</doc>
<msg timestamp="20230404 01:00:37.488" level="INFO">Opening browser 'chrome' to base url 'None'.</msg>
<status status="PASS" starttime="20230404 01:00:37.488" endtime="20230404 01:00:39.084"/>
</kw>
<kw name="Maximize Browser Window" library="SeleniumLibrary">
<doc>Maximizes current browser window.</doc>
<status status="PASS" starttime="20230404 01:00:39.084" endtime="20230404 01:00:39.212"/>
</kw>
<status status="PASS" starttime="20230404 01:00:37.488" endtime="20230404 01:00:39.212"/>
</kw>
<kw name="Acessar a home page do site Amazon.com.br" library="amazon_resources">
<kw name="Go To" library="SeleniumLibrary">
<arg>url=${URL}</arg>
<doc>Navigates the current browser window to the provided ``url``.</doc>
<msg timestamp="20230404 01:00:39.213" level="INFO">Opening url 'https://www.amazon.com.br/'</msg>
<status status="PASS" starttime="20230404 01:00:39.213" endtime="20230404 01:00:41.714"/>
</kw>
<kw name="Wait Until Element Is Visible" library="SeleniumLibrary">
<arg>locator=${MENU_ELETRONICOS}</arg>
<doc>Waits until the element ``locator`` is visible.</doc>
<status status="PASS" starttime="20230404 01:00:41.714" endtime="20230404 01:00:41.755"/>
</kw>
<status status="PASS" starttime="20230404 01:00:39.213" endtime="20230404 01:00:41.755"/>
</kw>
<kw name="Digitar o nome de produto &quot;Xbox Series S&quot; no campo de pesquisa" library="amazon_resources" sourcename="Digitar o nome de produto &quot;${PRODUTO}&quot; no campo de pesquisa">
<kw name="Input Text" library="SeleniumLibrary">
<arg>locator=${CAMPO_PESQUISA}</arg>
<arg>text=${PRODUTO}</arg>
<doc>Types the given ``text`` into the text field identified by ``locator``.</doc>
<msg timestamp="20230404 01:00:41.757" level="INFO">Typing text 'Xbox Series S' into text field 'twotabsearchtextbox'.</msg>
<status status="PASS" starttime="20230404 01:00:41.756" endtime="20230404 01:00:41.982"/>
</kw>
<status status="PASS" starttime="20230404 01:00:41.756" endtime="20230404 01:00:41.982"/>
</kw>
<kw name="Clicar no botão de pesquisa" library="amazon_resources">
<kw name="Click Button" library="SeleniumLibrary">
<arg>locator=${BOTAO_PESQUISA}</arg>
<doc>Clicks the button identified by ``locator``.</doc>
<msg timestamp="20230404 01:00:41.984" level="INFO">Clicking button 'nav-search-submit-button'.</msg>
<status status="PASS" starttime="20230404 01:00:41.983" endtime="20230404 01:00:42.155"/>
</kw>
<status status="PASS" starttime="20230404 01:00:41.983" endtime="20230404 01:00:42.156"/>
</kw>
<kw name="Verificar o resultado da pesquisa, listando o &quot;Xbox Series S&quot;" library="amazon_resources" sourcename="Verificar o resultado da pesquisa, listando o &quot;${PRODUTO}&quot;">
<kw name="Wait Until Element Is Visible" library="SeleniumLibrary">
<arg>locator=(//span[contains(.,'${PRODUTO}')])</arg>
<doc>Waits until the element ``locator`` is visible.</doc>
<status status="PASS" starttime="20230404 01:00:42.157" endtime="20230404 01:00:43.269"/>
</kw>
<status status="PASS" starttime="20230404 01:00:42.157" endtime="20230404 01:00:43.269"/>
</kw>
<kw name="Digitar o nome de produto &quot;PS5&quot; no campo de pesquisa" library="amazon_resources" sourcename="Digitar o nome de produto &quot;${PRODUTO}&quot; no campo de pesquisa">
<kw name="Input Text" library="SeleniumLibrary">
<arg>locator=${CAMPO_PESQUISA}</arg>
<arg>text=${PRODUTO}</arg>
<doc>Types the given ``text`` into the text field identified by ``locator``.</doc>
<msg timestamp="20230404 01:00:43.271" level="INFO">Typing text 'PS5' into text field 'twotabsearchtextbox'.</msg>
<status status="PASS" starttime="20230404 01:00:43.270" endtime="20230404 01:00:43.920"/>
</kw>
<status status="PASS" starttime="20230404 01:00:43.270" endtime="20230404 01:00:43.920"/>
</kw>
<kw name="Clicar no botão de pesquisa" library="amazon_resources">
<kw name="Click Button" library="SeleniumLibrary">
<arg>locator=${BOTAO_PESQUISA}</arg>
<doc>Clicks the button identified by ``locator``.</doc>
<msg timestamp="20230404 01:00:43.922" level="INFO">Clicking button 'nav-search-submit-button'.</msg>
<status status="PASS" starttime="20230404 01:00:43.921" endtime="20230404 01:00:46.260"/>
</kw>
<status status="PASS" starttime="20230404 01:00:43.921" endtime="20230404 01:00:46.260"/>
</kw>
<kw name="Verificar o resultado da pesquisa, listando o &quot;PS5&quot;" library="amazon_resources" sourcename="Verificar o resultado da pesquisa, listando o &quot;${PRODUTO}&quot;">
<kw name="Wait Until Element Is Visible" library="SeleniumLibrary">
<arg>locator=(//span[contains(.,'${PRODUTO}')])</arg>
<doc>Waits until the element ``locator`` is visible.</doc>
<status status="PASS" starttime="20230404 01:00:46.262" endtime="20230404 01:00:46.286"/>
</kw>
<status status="PASS" starttime="20230404 01:00:46.261" endtime="20230404 01:00:46.287"/>
</kw>
<kw name="Fechar o navegador" library="amazon_resources" type="TEARDOWN">
<kw name="Capture Page Screenshot" library="SeleniumLibrary">
<doc>Takes a screenshot of the current page and embeds it into a log file.</doc>
<msg timestamp="20230404 01:00:46.645" level="INFO" html="true">&lt;/td&gt;&lt;/tr&gt;&lt;tr&gt;&lt;td colspan="3"&gt;&lt;a href="selenium-screenshot-26.png"&gt;&lt;img src="selenium-screenshot-26.png" width="800px"&gt;&lt;/a&gt;</msg>
<status status="PASS" starttime="20230404 01:00:46.287" endtime="20230404 01:00:46.645"/>
</kw>
<kw name="Close Browser" library="SeleniumLibrary">
<doc>Closes the current browser.</doc>
<status status="PASS" starttime="20230404 01:00:46.645" endtime="20230404 01:00:48.905"/>
</kw>
<status status="PASS" starttime="20230404 01:00:46.287" endtime="20230404 01:00:48.905"/>
</kw>
<doc>esse teste verifica a busca de um produto</doc>
<tag>busca_produtos</tag>
<tag>lista_busca</tag>
<status status="PASS" starttime="20230404 01:00:37.487" endtime="20230404 01:00:48.906"/>
</test>
<doc>Essa switch testa o site da Amazon.com.br</doc>
<status status="PASS" starttime="20230404 01:00:37.191" endtime="20230404 01:00:48.908"/>
</suite>
<statistics>
<total>
<stat pass="1" fail="0" skip="0">All Tests</stat>
</total>
<tag>
<stat pass="1" fail="0" skip="0">busca_produtos</stat>
<stat pass="1" fail="0" skip="0">lista_busca</stat>
</tag>
<suite>
<stat pass="1" fail="0" skip="0" id="s1" name="Amazon Testes">Amazon Testes</stat>
</suite>
</statistics>
<errors>
</errors>
</robot>
