<?xml version="1.0" encoding="UTF-8"?>
<robot generator="Robot 6.0.2 (Python 3.11.2 on win32)" generated="20230403 17:43:31.301" rpa="false" schemaversion="3">
<suite id="s1" name="Amazon Testes" source="D:\Users\User\Downloads\Robot\WebTesting\amazon_testes.robot">
<test id="s1-t1" name="Caso de Teste 01 - Acesso ao menu &quot;Eletrônicos&quot;" line="10">
<kw name="Abrir o navegador" library="amazon_resources" type="SETUP">
<kw name="Open Browser" library="SeleniumLibrary">
<arg>browser=chrome</arg>
<doc>Opens a new browser instance to the optional ``url``.</doc>
<msg timestamp="20230403 17:43:31.682" level="INFO">Opening browser 'chrome' to base url 'None'.</msg>
<status status="PASS" starttime="20230403 17:43:31.677" endtime="20230403 17:43:33.373"/>
</kw>
<kw name="Maximize Browser Window" library="SeleniumLibrary">
<doc>Maximizes current browser window.</doc>
<status status="PASS" starttime="20230403 17:43:33.373" endtime="20230403 17:43:33.488"/>
</kw>
<status status="PASS" starttime="20230403 17:43:31.676" endtime="20230403 17:43:33.488"/>
</kw>
<kw name="Acessar a home page do site Amazon.com.br" library="amazon_resources">
<kw name="Go To" library="SeleniumLibrary">
<arg>url=${URL}</arg>
<doc>Navigates the current browser window to the provided ``url``.</doc>
<msg timestamp="20230403 17:43:33.490" level="INFO">Opening url 'https://www.amazon.com.br/'</msg>
<status status="PASS" starttime="20230403 17:43:33.489" endtime="20230403 17:43:35.923"/>
</kw>
<kw name="Wait Until Element Is Visible" library="SeleniumLibrary">
<arg>locator=${MENU_ELETRONICOS}</arg>
<doc>Waits until the element ``locator`` is visible.</doc>
<status status="PASS" starttime="20230403 17:43:35.923" endtime="20230403 17:43:35.962"/>
</kw>
<status status="PASS" starttime="20230403 17:43:33.489" endtime="20230403 17:43:35.962"/>
</kw>
<kw name="Fechar o navegador" library="amazon_resources" type="TEARDOWN">
<kw name="Close Browser" library="SeleniumLibrary">
<doc>Closes the current browser.</doc>
<status status="PASS" starttime="20230403 17:43:35.971" endtime="20230403 17:43:38.464"/>
</kw>
<status status="PASS" starttime="20230403 17:43:35.970" endtime="20230403 17:43:38.464"/>
</kw>
<doc>Esse teste verifica o menu eletronicos do site da Amazon.com.br
e verificar a categoria Computadores e Informática
pode continuar a escrever colocando os "..."</doc>
<tag>categorias</tag>
<tag>menus</tag>
<status status="PASS" starttime="20230403 17:43:31.675" endtime="20230403 17:43:38.465"/>
</test>
<doc>Essa switch testa o site da Amazon.com.br</doc>
<status status="PASS" starttime="20230403 17:43:31.303" endtime="20230403 17:43:38.466"/>
</suite>
<statistics>
<total>
<stat pass="1" fail="0" skip="0">All Tests</stat>
</total>
<tag>
<stat pass="1" fail="0" skip="0">categorias</stat>
<stat pass="1" fail="0" skip="0">menus</stat>
</tag>
<suite>
<stat pass="1" fail="0" skip="0" id="s1" name="Amazon Testes">Amazon Testes</stat>
</suite>
</statistics>
<errors>
</errors>
</robot>
