<?xml version="1.0" encoding="UTF-8"?>
<robot generator="Robot 6.0.2 (Python 3.11.2 on win32)" generated="20230405 23:23:22.717" rpa="false" schemaversion="3">
<suite id="s1" name="Tarefa06" source="D:\Users\User\Downloads\Robot\ExemplosEstruturas\Tarefa06.robot">
<test id="s1-t1" name="Caso de teste tarefa 04" line="9">
<kw name="Crie uma keyword que percorra essa lista usando o FOR">
<kw name="Log To Console" library="BuiltIn">
<arg>${\n}</arg>
<doc>Logs the given message to the console.</doc>
<status status="PASS" starttime="20230405 23:23:22.756" endtime="20230405 23:23:22.757"/>
</kw>
<for flavor="IN ENUMERATE">
<var>${INDICE}</var>
<var>${NUMERO}</var>
<value>@{LISTA_NUMEROS}</value>
<iter>
<var name="${INDICE}">0</var>
<var name="${NUMERO}">1</var>
<if>
<branch type="IF" condition="${NUMERO} == 5">
<kw name="Log To Console" library="BuiltIn">
<arg>Eu sou o numero:${NUMERO}!</arg>
<doc>Logs the given message to the console.</doc>
<status status="NOT RUN" starttime="20230405 23:23:22.758" endtime="20230405 23:23:22.759"/>
</kw>
<kw name="No Operation" library="BuiltIn">
<doc>Does absolutely nothing.</doc>
<status status="NOT RUN" starttime="20230405 23:23:22.759" endtime="20230405 23:23:22.759"/>
</kw>
<status status="NOT RUN" starttime="20230405 23:23:22.758" endtime="20230405 23:23:22.759"/>
</branch>
<branch type="ELSE IF" condition="${NUMERO} == 10">
<kw name="Log To Console" library="BuiltIn">
<arg>Eu sou o numero:${NUMERO}!</arg>
<doc>Logs the given message to the console.</doc>
<status status="NOT RUN" starttime="20230405 23:23:22.759" endtime="20230405 23:23:22.759"/>
</kw>
<kw name="No Operation" library="BuiltIn">
<doc>Does absolutely nothing.</doc>
<status status="NOT RUN" starttime="20230405 23:23:22.759" endtime="20230405 23:23:22.759"/>
</kw>
<status status="NOT RUN" starttime="20230405 23:23:22.759" endtime="20230405 23:23:22.759"/>
</branch>
<branch type="ELSE">
<kw name="Log To Console" library="BuiltIn">
<arg>Eu não sou o número 5 e nem o 10!</arg>
<doc>Logs the given message to the console.</doc>
<status status="PASS" starttime="20230405 23:23:22.759" endtime="20230405 23:23:22.760"/>
</kw>
<status status="PASS" starttime="20230405 23:23:22.759" endtime="20230405 23:23:22.760"/>
</branch>
<status status="PASS" starttime="20230405 23:23:22.758" endtime="20230405 23:23:22.760"/>
</if>
<status status="PASS" starttime="20230405 23:23:22.758" endtime="20230405 23:23:22.760"/>
</iter>
<iter>
<var name="${INDICE}">1</var>
<var name="${NUMERO}">2</var>
<if>
<branch type="IF" condition="${NUMERO} == 5">
<kw name="Log To Console" library="BuiltIn">
<arg>Eu sou o numero:${NUMERO}!</arg>
<doc>Logs the given message to the console.</doc>
<status status="NOT RUN" starttime="20230405 23:23:22.762" endtime="20230405 23:23:22.762"/>
</kw>
<kw name="No Operation" library="BuiltIn">
<doc>Does absolutely nothing.</doc>
<status status="NOT RUN" starttime="20230405 23:23:22.762" endtime="20230405 23:23:22.762"/>
</kw>
<status status="NOT RUN" starttime="20230405 23:23:22.761" endtime="20230405 23:23:22.762"/>
</branch>
<branch type="ELSE IF" condition="${NUMERO} == 10">
<kw name="Log To Console" library="BuiltIn">
<arg>Eu sou o numero:${NUMERO}!</arg>
<doc>Logs the given message to the console.</doc>
<status status="NOT RUN" starttime="20230405 23:23:22.763" endtime="20230405 23:23:22.763"/>
</kw>
<kw name="No Operation" library="BuiltIn">
<doc>Does absolutely nothing.</doc>
<status status="NOT RUN" starttime="20230405 23:23:22.763" endtime="20230405 23:23:22.763"/>
</kw>
<status status="NOT RUN" starttime="20230405 23:23:22.762" endtime="20230405 23:23:22.763"/>
</branch>
<branch type="ELSE">
<kw name="Log To Console" library="BuiltIn">
<arg>Eu não sou o número 5 e nem o 10!</arg>
<doc>Logs the given message to the console.</doc>
<status status="PASS" starttime="20230405 23:23:22.763" endtime="20230405 23:23:22.763"/>
</kw>
<status status="PASS" starttime="20230405 23:23:22.763" endtime="20230405 23:23:22.763"/>
</branch>
<status status="PASS" starttime="20230405 23:23:22.761" endtime="20230405 23:23:22.763"/>
</if>
<status status="PASS" starttime="20230405 23:23:22.761" endtime="20230405 23:23:22.763"/>
</iter>
<iter>
<var name="${INDICE}">2</var>
<var name="${NUMERO}">3</var>
<if>
<branch type="IF" condition="${NUMERO} == 5">
<kw name="Log To Console" library="BuiltIn">
<arg>Eu sou o numero:${NUMERO}!</arg>
<doc>Logs the given message to the console.</doc>
<status status="NOT RUN" starttime="20230405 23:23:22.764" endtime="20230405 23:23:22.764"/>
</kw>
<kw name="No Operation" library="BuiltIn">
<doc>Does absolutely nothing.</doc>
<status status="NOT RUN" starttime="20230405 23:23:22.764" endtime="20230405 23:23:22.764"/>
</kw>
<status status="NOT RUN" starttime="20230405 23:23:22.764" endtime="20230405 23:23:22.764"/>
</branch>
<branch type="ELSE IF" condition="${NUMERO} == 10">
<kw name="Log To Console" library="BuiltIn">
<arg>Eu sou o numero:${NUMERO}!</arg>
<doc>Logs the given message to the console.</doc>
<status status="NOT RUN" starttime="20230405 23:23:22.765" endtime="20230405 23:23:22.765"/>
</kw>
<kw name="No Operation" library="BuiltIn">
<doc>Does absolutely nothing.</doc>
<status status="NOT RUN" starttime="20230405 23:23:22.765" endtime="20230405 23:23:22.765"/>
</kw>
<status status="NOT RUN" starttime="20230405 23:23:22.764" endtime="20230405 23:23:22.765"/>
</branch>
<branch type="ELSE">
<kw name="Log To Console" library="BuiltIn">
<arg>Eu não sou o número 5 e nem o 10!</arg>
<doc>Logs the given message to the console.</doc>
<status status="PASS" starttime="20230405 23:23:22.765" endtime="20230405 23:23:22.768"/>
</kw>
<status status="PASS" starttime="20230405 23:23:22.765" endtime="20230405 23:23:22.768"/>
</branch>
<status status="PASS" starttime="20230405 23:23:22.764" endtime="20230405 23:23:22.768"/>
</if>
<status status="PASS" starttime="20230405 23:23:22.764" endtime="20230405 23:23:22.768"/>
</iter>
<iter>
<var name="${INDICE}">3</var>
<var name="${NUMERO}">4</var>
<if>
<branch type="IF" condition="${NUMERO} == 5">
<kw name="Log To Console" library="BuiltIn">
<arg>Eu sou o numero:${NUMERO}!</arg>
<doc>Logs the given message to the console.</doc>
<status status="NOT RUN" starttime="20230405 23:23:22.769" endtime="20230405 23:23:22.769"/>
</kw>
<kw name="No Operation" library="BuiltIn">
<doc>Does absolutely nothing.</doc>
<status status="NOT RUN" starttime="20230405 23:23:22.769" endtime="20230405 23:23:22.769"/>
</kw>
<status status="NOT RUN" starttime="20230405 23:23:22.768" endtime="20230405 23:23:22.769"/>
</branch>
<branch type="ELSE IF" condition="${NUMERO} == 10">
<kw name="Log To Console" library="BuiltIn">
<arg>Eu sou o numero:${NUMERO}!</arg>
<doc>Logs the given message to the console.</doc>
<status status="NOT RUN" starttime="20230405 23:23:22.770" endtime="20230405 23:23:22.770"/>
</kw>
<kw name="No Operation" library="BuiltIn">
<doc>Does absolutely nothing.</doc>
<status status="NOT RUN" starttime="20230405 23:23:22.770" endtime="20230405 23:23:22.770"/>
</kw>
<status status="NOT RUN" starttime="20230405 23:23:22.769" endtime="20230405 23:23:22.770"/>
</branch>
<branch type="ELSE">
<kw name="Log To Console" library="BuiltIn">
<arg>Eu não sou o número 5 e nem o 10!</arg>
<doc>Logs the given message to the console.</doc>
<status status="PASS" starttime="20230405 23:23:22.770" endtime="20230405 23:23:22.771"/>
</kw>
<status status="PASS" starttime="20230405 23:23:22.770" endtime="20230405 23:23:22.771"/>
</branch>
<status status="PASS" starttime="20230405 23:23:22.768" endtime="20230405 23:23:22.771"/>
</if>
<status status="PASS" starttime="20230405 23:23:22.768" endtime="20230405 23:23:22.771"/>
</iter>
<iter>
<var name="${INDICE}">4</var>
<var name="${NUMERO}">5</var>
<if>
<branch type="IF" condition="${NUMERO} == 5">
<kw name="Log To Console" library="BuiltIn">
<arg>Eu sou o numero:${NUMERO}!</arg>
<doc>Logs the given message to the console.</doc>
<status status="PASS" starttime="20230405 23:23:22.772" endtime="20230405 23:23:22.772"/>
</kw>
<kw name="No Operation" library="BuiltIn">
<doc>Does absolutely nothing.</doc>
<status status="PASS" starttime="20230405 23:23:22.773" endtime="20230405 23:23:22.773"/>
</kw>
<status status="PASS" starttime="20230405 23:23:22.771" endtime="20230405 23:23:22.773"/>
</branch>
<branch type="ELSE IF" condition="${NUMERO} == 10">
<kw name="Log To Console" library="BuiltIn">
<arg>Eu sou o numero:${NUMERO}!</arg>
<doc>Logs the given message to the console.</doc>
<status status="NOT RUN" starttime="20230405 23:23:22.773" endtime="20230405 23:23:22.773"/>
</kw>
<kw name="No Operation" library="BuiltIn">
<doc>Does absolutely nothing.</doc>
<status status="NOT RUN" starttime="20230405 23:23:22.773" endtime="20230405 23:23:22.773"/>
</kw>
<status status="NOT RUN" starttime="20230405 23:23:22.773" endtime="20230405 23:23:22.773"/>
</branch>
<branch type="ELSE">
<kw name="Log To Console" library="BuiltIn">
<arg>Eu não sou o número 5 e nem o 10!</arg>
<doc>Logs the given message to the console.</doc>
<status status="NOT RUN" starttime="20230405 23:23:22.773" endtime="20230405 23:23:22.773"/>
</kw>
<status status="NOT RUN" starttime="20230405 23:23:22.773" endtime="20230405 23:23:22.773"/>
</branch>
<status status="PASS" starttime="20230405 23:23:22.771" endtime="20230405 23:23:22.773"/>
</if>
<status status="PASS" starttime="20230405 23:23:22.771" endtime="20230405 23:23:22.773"/>
</iter>
<iter>
<var name="${INDICE}">5</var>
<var name="${NUMERO}">6</var>
<if>
<branch type="IF" condition="${NUMERO} == 5">
<kw name="Log To Console" library="BuiltIn">
<arg>Eu sou o numero:${NUMERO}!</arg>
<doc>Logs the given message to the console.</doc>
<status status="NOT RUN" starttime="20230405 23:23:22.774" endtime="20230405 23:23:22.774"/>
</kw>
<kw name="No Operation" library="BuiltIn">
<doc>Does absolutely nothing.</doc>
<status status="NOT RUN" starttime="20230405 23:23:22.774" endtime="20230405 23:23:22.774"/>
</kw>
<status status="NOT RUN" starttime="20230405 23:23:22.773" endtime="20230405 23:23:22.774"/>
</branch>
<branch type="ELSE IF" condition="${NUMERO} == 10">
<kw name="Log To Console" library="BuiltIn">
<arg>Eu sou o numero:${NUMERO}!</arg>
<doc>Logs the given message to the console.</doc>
<status status="NOT RUN" starttime="20230405 23:23:22.774" endtime="20230405 23:23:22.774"/>
</kw>
<kw name="No Operation" library="BuiltIn">
<doc>Does absolutely nothing.</doc>
<status status="NOT RUN" starttime="20230405 23:23:22.774" endtime="20230405 23:23:22.774"/>
</kw>
<status status="NOT RUN" starttime="20230405 23:23:22.774" endtime="20230405 23:23:22.774"/>
</branch>
<branch type="ELSE">
<kw name="Log To Console" library="BuiltIn">
<arg>Eu não sou o número 5 e nem o 10!</arg>
<doc>Logs the given message to the console.</doc>
<status status="PASS" starttime="20230405 23:23:22.774" endtime="20230405 23:23:22.775"/>
</kw>
<status status="PASS" starttime="20230405 23:23:22.774" endtime="20230405 23:23:22.775"/>
</branch>
<status status="PASS" starttime="20230405 23:23:22.773" endtime="20230405 23:23:22.775"/>
</if>
<status status="PASS" starttime="20230405 23:23:22.773" endtime="20230405 23:23:22.775"/>
</iter>
<iter>
<var name="${INDICE}">6</var>
<var name="${NUMERO}">7</var>
<if>
<branch type="IF" condition="${NUMERO} == 5">
<kw name="Log To Console" library="BuiltIn">
<arg>Eu sou o numero:${NUMERO}!</arg>
<doc>Logs the given message to the console.</doc>
<status status="NOT RUN" starttime="20230405 23:23:22.775" endtime="20230405 23:23:22.775"/>
</kw>
<kw name="No Operation" library="BuiltIn">
<doc>Does absolutely nothing.</doc>
<status status="NOT RUN" starttime="20230405 23:23:22.775" endtime="20230405 23:23:22.775"/>
</kw>
<status status="NOT RUN" starttime="20230405 23:23:22.775" endtime="20230405 23:23:22.775"/>
</branch>
<branch type="ELSE IF" condition="${NUMERO} == 10">
<kw name="Log To Console" library="BuiltIn">
<arg>Eu sou o numero:${NUMERO}!</arg>
<doc>Logs the given message to the console.</doc>
<status status="NOT RUN" starttime="20230405 23:23:22.775" endtime="20230405 23:23:22.776"/>
</kw>
<kw name="No Operation" library="BuiltIn">
<doc>Does absolutely nothing.</doc>
<status status="NOT RUN" starttime="20230405 23:23:22.776" endtime="20230405 23:23:22.776"/>
</kw>
<status status="NOT RUN" starttime="20230405 23:23:22.775" endtime="20230405 23:23:22.776"/>
</branch>
<branch type="ELSE">
<kw name="Log To Console" library="BuiltIn">
<arg>Eu não sou o número 5 e nem o 10!</arg>
<doc>Logs the given message to the console.</doc>
<status status="PASS" starttime="20230405 23:23:22.776" endtime="20230405 23:23:22.776"/>
</kw>
<status status="PASS" starttime="20230405 23:23:22.776" endtime="20230405 23:23:22.776"/>
</branch>
<status status="PASS" starttime="20230405 23:23:22.775" endtime="20230405 23:23:22.776"/>
</if>
<status status="PASS" starttime="20230405 23:23:22.775" endtime="20230405 23:23:22.776"/>
</iter>
<iter>
<var name="${INDICE}">7</var>
<var name="${NUMERO}">8</var>
<if>
<branch type="IF" condition="${NUMERO} == 5">
<kw name="Log To Console" library="BuiltIn">
<arg>Eu sou o numero:${NUMERO}!</arg>
<doc>Logs the given message to the console.</doc>
<status status="NOT RUN" starttime="20230405 23:23:22.776" endtime="20230405 23:23:22.776"/>
</kw>
<kw name="No Operation" library="BuiltIn">
<doc>Does absolutely nothing.</doc>
<status status="NOT RUN" starttime="20230405 23:23:22.776" endtime="20230405 23:23:22.776"/>
</kw>
<status status="NOT RUN" starttime="20230405 23:23:22.776" endtime="20230405 23:23:22.777"/>
</branch>
<branch type="ELSE IF" condition="${NUMERO} == 10">
<kw name="Log To Console" library="BuiltIn">
<arg>Eu sou o numero:${NUMERO}!</arg>
<doc>Logs the given message to the console.</doc>
<status status="NOT RUN" starttime="20230405 23:23:22.777" endtime="20230405 23:23:22.777"/>
</kw>
<kw name="No Operation" library="BuiltIn">
<doc>Does absolutely nothing.</doc>
<status status="NOT RUN" starttime="20230405 23:23:22.777" endtime="20230405 23:23:22.777"/>
</kw>
<status status="NOT RUN" starttime="20230405 23:23:22.777" endtime="20230405 23:23:22.777"/>
</branch>
<branch type="ELSE">
<kw name="Log To Console" library="BuiltIn">
<arg>Eu não sou o número 5 e nem o 10!</arg>
<doc>Logs the given message to the console.</doc>
<status status="PASS" starttime="20230405 23:23:22.777" endtime="20230405 23:23:22.777"/>
</kw>
<status status="PASS" starttime="20230405 23:23:22.777" endtime="20230405 23:23:22.777"/>
</branch>
<status status="PASS" starttime="20230405 23:23:22.776" endtime="20230405 23:23:22.778"/>
</if>
<status status="PASS" starttime="20230405 23:23:22.776" endtime="20230405 23:23:22.778"/>
</iter>
<iter>
<var name="${INDICE}">8</var>
<var name="${NUMERO}">9</var>
<if>
<branch type="IF" condition="${NUMERO} == 5">
<kw name="Log To Console" library="BuiltIn">
<arg>Eu sou o numero:${NUMERO}!</arg>
<doc>Logs the given message to the console.</doc>
<status status="NOT RUN" starttime="20230405 23:23:22.778" endtime="20230405 23:23:22.778"/>
</kw>
<kw name="No Operation" library="BuiltIn">
<doc>Does absolutely nothing.</doc>
<status status="NOT RUN" starttime="20230405 23:23:22.778" endtime="20230405 23:23:22.778"/>
</kw>
<status status="NOT RUN" starttime="20230405 23:23:22.778" endtime="20230405 23:23:22.778"/>
</branch>
<branch type="ELSE IF" condition="${NUMERO} == 10">
<kw name="Log To Console" library="BuiltIn">
<arg>Eu sou o numero:${NUMERO}!</arg>
<doc>Logs the given message to the console.</doc>
<status status="NOT RUN" starttime="20230405 23:23:22.778" endtime="20230405 23:23:22.778"/>
</kw>
<kw name="No Operation" library="BuiltIn">
<doc>Does absolutely nothing.</doc>
<status status="NOT RUN" starttime="20230405 23:23:22.778" endtime="20230405 23:23:22.778"/>
</kw>
<status status="NOT RUN" starttime="20230405 23:23:22.778" endtime="20230405 23:23:22.778"/>
</branch>
<branch type="ELSE">
<kw name="Log To Console" library="BuiltIn">
<arg>Eu não sou o número 5 e nem o 10!</arg>
<doc>Logs the given message to the console.</doc>
<status status="PASS" starttime="20230405 23:23:22.778" endtime="20230405 23:23:22.779"/>
</kw>
<status status="PASS" starttime="20230405 23:23:22.778" endtime="20230405 23:23:22.779"/>
</branch>
<status status="PASS" starttime="20230405 23:23:22.778" endtime="20230405 23:23:22.779"/>
</if>
<status status="PASS" starttime="20230405 23:23:22.778" endtime="20230405 23:23:22.779"/>
</iter>
<iter>
<var name="${INDICE}">9</var>
<var name="${NUMERO}">10</var>
<if>
<branch type="IF" condition="${NUMERO} == 5">
<kw name="Log To Console" library="BuiltIn">
<arg>Eu sou o numero:${NUMERO}!</arg>
<doc>Logs the given message to the console.</doc>
<status status="NOT RUN" starttime="20230405 23:23:22.780" endtime="20230405 23:23:22.780"/>
</kw>
<kw name="No Operation" library="BuiltIn">
<doc>Does absolutely nothing.</doc>
<status status="NOT RUN" starttime="20230405 23:23:22.780" endtime="20230405 23:23:22.780"/>
</kw>
<status status="NOT RUN" starttime="20230405 23:23:22.780" endtime="20230405 23:23:22.780"/>
</branch>
<branch type="ELSE IF" condition="${NUMERO} == 10">
<kw name="Log To Console" library="BuiltIn">
<arg>Eu sou o numero:${NUMERO}!</arg>
<doc>Logs the given message to the console.</doc>
<status status="PASS" starttime="20230405 23:23:22.780" endtime="20230405 23:23:22.781"/>
</kw>
<kw name="No Operation" library="BuiltIn">
<doc>Does absolutely nothing.</doc>
<status status="PASS" starttime="20230405 23:23:22.781" endtime="20230405 23:23:22.781"/>
</kw>
<status status="PASS" starttime="20230405 23:23:22.780" endtime="20230405 23:23:22.785"/>
</branch>
<branch type="ELSE">
<kw name="Log To Console" library="BuiltIn">
<arg>Eu não sou o número 5 e nem o 10!</arg>
<doc>Logs the given message to the console.</doc>
<status status="NOT RUN" starttime="20230405 23:23:22.785" endtime="20230405 23:23:22.785"/>
</kw>
<status status="NOT RUN" starttime="20230405 23:23:22.785" endtime="20230405 23:23:22.785"/>
</branch>
<status status="PASS" starttime="20230405 23:23:22.780" endtime="20230405 23:23:22.785"/>
</if>
<status status="PASS" starttime="20230405 23:23:22.780" endtime="20230405 23:23:22.785"/>
</iter>
<status status="PASS" starttime="20230405 23:23:22.757" endtime="20230405 23:23:22.785"/>
</for>
<status status="PASS" starttime="20230405 23:23:22.756" endtime="20230405 23:23:22.786"/>
</kw>
<status status="PASS" starttime="20230405 23:23:22.755" endtime="20230405 23:23:22.786"/>
</test>
<doc>Esse e um teste para a Tarefa 06</doc>
<status status="PASS" starttime="20230405 23:23:22.719" endtime="20230405 23:23:22.788"/>
</suite>
<statistics>
<total>
<stat pass="1" fail="0" skip="0">All Tests</stat>
</total>
<tag>
</tag>
<suite>
<stat pass="1" fail="0" skip="0" id="s1" name="Tarefa06">Tarefa06</stat>
</suite>
</statistics>
<errors>
</errors>
</robot>
