<?xml version="1.0" encoding="UTF-8"?>
<robot generator="Robot 6.0.2 (Python 3.11.2 on win32)" generated="20230404 17:01:21.646" rpa="false" schemaversion="3">
<suite id="s1" name="amazon testes gherkin BDD" source="D:\Users\User\Downloads\Robot\WebTesting\amazon_testes_gherkin_BDD.robot">
<test id="s1-t1" name="Caso de Teste 02 - Pesquisa de um Produto" line="21">
<kw name="Abrir o navegador" library="amazon_resources" type="SETUP">
<kw name="Open Browser" library="SeleniumLibrary">
<arg>browser=chrome</arg>
<doc>Opens a new browser instance to the optional ``url``.</doc>
<msg timestamp="20230404 17:01:21.947" level="INFO">Opening browser 'chrome' to base url 'None'.</msg>
<status status="PASS" starttime="20230404 17:01:21.947" endtime="20230404 17:01:23.521"/>
</kw>
<kw name="Maximize Browser Window" library="SeleniumLibrary">
<doc>Maximizes current browser window.</doc>
<status status="PASS" starttime="20230404 17:01:23.521" endtime="20230404 17:01:23.646"/>
</kw>
<status status="PASS" starttime="20230404 17:01:21.946" endtime="20230404 17:01:23.647"/>
</kw>
<kw name="Dado que estou na home page da Amazon.com.br" library="amazon_resources">
<kw name="Acessar a home page do site Amazon.com.br" library="amazon_resources">
<kw name="Go To" library="SeleniumLibrary">
<arg>url=${URL}</arg>
<doc>Navigates the current browser window to the provided ``url``.</doc>
<msg timestamp="20230404 17:01:23.648" level="INFO">Opening url 'https://www.amazon.com.br/'</msg>
<status status="PASS" starttime="20230404 17:01:23.648" endtime="20230404 17:01:39.687"/>
</kw>
<kw name="Wait Until Element Is Visible" library="SeleniumLibrary">
<arg>locator=${MENU_ELETRONICOS}</arg>
<doc>Waits until the element ``locator`` is visible.</doc>
<status status="PASS" starttime="20230404 17:01:39.688" endtime="20230404 17:01:39.714"/>
</kw>
<status status="PASS" starttime="20230404 17:01:23.648" endtime="20230404 17:01:39.715"/>
</kw>
<status status="PASS" starttime="20230404 17:01:23.647" endtime="20230404 17:01:39.715"/>
</kw>
<kw name="Quando pesquisar pelo produto &quot;Xbox Series S&quot;" library="amazon_resources">
<kw name="Digitar o nome de produto &quot;Xbox Series S&quot; no campo de pesquisa" library="amazon_resources" sourcename="Digitar o nome de produto &quot;${PRODUTO}&quot; no campo de pesquisa">
<kw name="Input Text" library="SeleniumLibrary">
<arg>locator=${CAMPO_PESQUISA}</arg>
<arg>text=${PRODUTO}</arg>
<doc>Types the given ``text`` into the text field identified by ``locator``.</doc>
<msg timestamp="20230404 17:01:39.716" level="INFO">Typing text 'Xbox Series S' into text field 'twotabsearchtextbox'.</msg>
<status status="PASS" starttime="20230404 17:01:39.716" endtime="20230404 17:01:39.901"/>
</kw>
<status status="PASS" starttime="20230404 17:01:39.715" endtime="20230404 17:01:39.901"/>
</kw>
<kw name="Clicar no botão de pesquisa" library="amazon_resources">
<kw name="Click Button" library="SeleniumLibrary">
<arg>locator=${BOTAO_PESQUISA}</arg>
<doc>Clicks the button identified by ``locator``.</doc>
<msg timestamp="20230404 17:01:39.902" level="INFO">Clicking button 'nav-search-submit-button'.</msg>
<status status="PASS" starttime="20230404 17:01:39.902" endtime="20230404 17:01:47.438"/>
</kw>
<status status="PASS" starttime="20230404 17:01:39.901" endtime="20230404 17:01:47.438"/>
</kw>
<status status="PASS" starttime="20230404 17:01:39.715" endtime="20230404 17:01:47.438"/>
</kw>
<kw name="Então o título da página deve ficar &quot;Amazon.com.br : Xbox Series S&quot;" library="amazon_resources">
<kw name="Verificar se o título da página fica &quot;Amazon.com.br : Xbox Series S&quot;" library="amazon_resources" sourcename="Verificar se o título da página fica &quot;${TITULO}&quot;">
<kw name="Title Should Be" library="SeleniumLibrary">
<arg>title=${TITULO}</arg>
<doc>Verifies that the current page title equals ``title``.</doc>
<msg timestamp="20230404 17:01:47.726" level="INFO">Page title is 'Amazon.com.br : Xbox Series S'.</msg>
<status status="PASS" starttime="20230404 17:01:47.440" endtime="20230404 17:01:47.726"/>
</kw>
<status status="PASS" starttime="20230404 17:01:47.440" endtime="20230404 17:01:47.726"/>
</kw>
<status status="PASS" starttime="20230404 17:01:47.440" endtime="20230404 17:01:47.726"/>
</kw>
<kw name="E um produto da linha &quot;Xbox Series S&quot; deve ser mostrado na página" library="amazon_resources">
<kw name="Verificar o resultado da pesquisa, listando o &quot;Xbox Series S&quot;" library="amazon_resources" sourcename="Verificar o resultado da pesquisa, listando o &quot;${PRODUTO}&quot;">
<kw name="Wait Until Element Is Visible" library="SeleniumLibrary">
<arg>locator=(//span[contains(.,'${PRODUTO}')])</arg>
<doc>Waits until the element ``locator`` is visible.</doc>
<status status="PASS" starttime="20230404 17:01:47.727" endtime="20230404 17:01:47.883"/>
</kw>
<status status="PASS" starttime="20230404 17:01:47.727" endtime="20230404 17:01:47.883"/>
</kw>
<status status="PASS" starttime="20230404 17:01:47.726" endtime="20230404 17:01:47.883"/>
</kw>
<kw name="Fechar o navegador" library="amazon_resources" type="TEARDOWN">
<kw name="Capture Page Screenshot" library="SeleniumLibrary">
<doc>Takes a screenshot of the current page and embeds it into a log file.</doc>
<msg timestamp="20230404 17:01:48.125" level="INFO" html="true">&lt;/td&gt;&lt;/tr&gt;&lt;tr&gt;&lt;td colspan="3"&gt;&lt;a href="selenium-screenshot-12.png"&gt;&lt;img src="selenium-screenshot-12.png" width="800px"&gt;&lt;/a&gt;</msg>
<status status="PASS" starttime="20230404 17:01:47.884" endtime="20230404 17:01:48.125"/>
</kw>
<kw name="Close Browser" library="SeleniumLibrary">
<doc>Closes the current browser.</doc>
<status status="PASS" starttime="20230404 17:01:48.125" endtime="20230404 17:01:50.318"/>
</kw>
<status status="PASS" starttime="20230404 17:01:47.883" endtime="20230404 17:01:50.318"/>
</kw>
<doc>esse teste verifica a busca de um produto</doc>
<tag>busca_produtos</tag>
<tag>lista_busca</tag>
<status status="PASS" starttime="20230404 17:01:21.945" endtime="20230404 17:01:50.318"/>
</test>
<doc>Essa switch testa o site da Amazon.com.br</doc>
<status status="PASS" starttime="20230404 17:01:21.648" endtime="20230404 17:01:50.320"/>
</suite>
<statistics>
<total>
<stat pass="1" fail="0" skip="0">All Tests</stat>
</total>
<tag>
<stat pass="1" fail="0" skip="0">busca_produtos</stat>
<stat pass="1" fail="0" skip="0">lista_busca</stat>
</tag>
<suite>
<stat pass="1" fail="0" skip="0" id="s1" name="amazon testes gherkin BDD">amazon testes gherkin BDD</stat>
</suite>
</statistics>
<errors>
</errors>
</robot>
